<?xml version="1.0" encoding="UTF-8"?>
<!-- Generated by org.testng.reporters.JUnitXMLReporter -->
<testsuite hostname="IBM-Testing01" ignored="0" name="Test" tests="2" failures="2" timestamp="08 Jan 2020 09:37:45 GMT" time="23.203" errors="0">
  <testcase name="startapp" time="7.415" classname="parllelDemo.Parllel1">
    <failure type="org.openqa.selenium.NoSuchWindowException" message="Browsing context has been discarded
Build info: version: &amp;apos;3.141.59&amp;apos;, revision: &amp;apos;e82be7d358&amp;apos;, time: &amp;apos;2018-11-14T08:25:53&amp;apos;
System info: host: &amp;apos;IBM-TESTING01&amp;apos;, ip: &amp;apos;169.254.52.243&amp;apos;, os.name: &amp;apos;Windows 10&amp;apos;, os.arch: &amp;apos;amd64&amp;apos;, os.version: &amp;apos;10.0&amp;apos;, java.version: &amp;apos;1.8.0_231&amp;apos;
Driver info: org.openqa.selenium.firefox.FirefoxDriver
Capabilities {acceptInsecureCerts: true, browserName: firefox, browserVersion: 72.0, javascriptEnabled: true, moz:accessibilityChecks: false, moz:buildID: 20200103162918, moz:geckodriverVersion: 0.26.0, moz:headless: false, moz:processID: 5732, moz:profile: C:\Users\IBM\AppData\Local\..., moz:shutdownTimeout: 60000, moz:useNonSpecCompliantPointerOrigin: false, moz:webdriverClick: true, pageLoadStrategy: normal, platform: WINDOWS, platformName: WINDOWS, platformVersion: 10.0, rotatable: false, setWindowRect: true, strictFileInteractability: false, timeouts: {implicit: 0, pageLoad: 300000, script: 30000}, unhandledPromptBehavior: dismiss and notify}
Session ID: 220afd4d-e8bc-472c-9362-d1e4f9f252d5">
      <![CDATA[org.openqa.selenium.NoSuchWindowException: Browsing context has been discarded
Build info: version: '3.141.59', revision: 'e82be7d358', time: '2018-11-14T08:25:53'
System info: host: 'IBM-TESTING01', ip: '169.254.52.243', os.name: 'Windows 10', os.arch: 'amd64', os.version: '10.0', java.version: '1.8.0_231'
Driver info: org.openqa.selenium.firefox.FirefoxDriver
Capabilities {acceptInsecureCerts: true, browserName: firefox, browserVersion: 72.0, javascriptEnabled: true, moz:accessibilityChecks: false, moz:buildID: 20200103162918, moz:geckodriverVersion: 0.26.0, moz:headless: false, moz:processID: 5732, moz:profile: C:\Users\IBM\AppData\Local\..., moz:shutdownTimeout: 60000, moz:useNonSpecCompliantPointerOrigin: false, moz:webdriverClick: true, pageLoadStrategy: normal, platform: WINDOWS, platformName: WINDOWS, platformVersion: 10.0, rotatable: false, setWindowRect: true, strictFileInteractability: false, timeouts: {implicit: 0, pageLoad: 300000, script: 30000}, unhandledPromptBehavior: dismiss and notify}
Session ID: 220afd4d-e8bc-472c-9362-d1e4f9f252d5
at org.openqa.selenium.remote.http.W3CHttpResponseCodec.createException(W3CHttpResponseCodec.java:187)
at org.openqa.selenium.remote.http.W3CHttpResponseCodec.decode(W3CHttpResponseCodec.java:122)
at org.openqa.selenium.remote.http.W3CHttpResponseCodec.decode(W3CHttpResponseCodec.java:49)
at org.openqa.selenium.remote.HttpCommandExecutor.execute(HttpCommandExecutor.java:158)
at org.openqa.selenium.remote.service.DriverCommandExecutor.execute(DriverCommandExecutor.java:83)
at org.openqa.selenium.remote.RemoteWebDriver.execute(RemoteWebDriver.java:552)
at org.openqa.selenium.remote.RemoteWebDriver.execute(RemoteWebDriver.java:609)
at org.openqa.selenium.remote.RemoteWebDriver.getTitle(RemoteWebDriver.java:281)
at parllelDemo.Parllel1.startapp(Parllel1.java:20)
... Removed 29 stack frames]]>
    </failure>
  </testcase> <!-- startapp -->
  <testcase name="startapp1" time="15.748" classname="parllelDemo.Parllel1">
    <failure type="org.openqa.selenium.SessionNotCreatedException" message="session not created
from chrome not reachable
  (Session info: chrome=79.0.3945.88)
Build info: version: &amp;apos;3.141.59&amp;apos;, revision: &amp;apos;e82be7d358&amp;apos;, time: &amp;apos;2018-11-14T08:25:53&amp;apos;
System info: host: &amp;apos;IBM-TESTING01&amp;apos;, ip: &amp;apos;169.254.52.243&amp;apos;, os.name: &amp;apos;Windows 10&amp;apos;, os.arch: &amp;apos;amd64&amp;apos;, os.version: &amp;apos;10.0&amp;apos;, java.version: &amp;apos;1.8.0_231&amp;apos;
Driver info: driver.version: ChromeDriver
remote stacktrace: Backtrace:
	Ordinal0 [0x003EA113+1548563]
	Ordinal0 [0x0036DDA1+1039777]
	Ordinal0 [0x002EE32E+516910]
	Ordinal0 [0x002E8012+491538]
	Ordinal0 [0x002E86EB+493291]
	Ordinal0 [0x002E9855+497749]
	Ordinal0 [0x002E5885+481413]
	Ordinal0 [0x002EF0D0+520400]
	Ordinal0 [0x0029C030+180272]
	Ordinal0 [0x0029B59D+177565]
	Ordinal0 [0x002995FB+169467]
	Ordinal0 [0x0028160A+71178]
	Ordinal0 [0x00282690+75408]
	Ordinal0 [0x00282629+75305]
	Ordinal0 [0x003871B7+1143223]
	GetHandleVerifier [0x00482B46+507814]
	GetHandleVerifier [0x00482864+507076]
	GetHandleVerifier [0x00489F47+537511]
	GetHandleVerifier [0x00483402+510050]
	Ordinal0 [0x0037F29C+1110684]
	Ordinal0 [0x0038938B+1151883]
	Ordinal0 [0x003894F3+1152243]
	Ordinal0 [0x003883F5+1147893]
	BaseThreadInitThunk [0x75A16359+25]
	RtlGetAppContainerNamedObjectPath [0x77C37B74+228]
	RtlGetAppContainerNamedObjectPath [0x77C37B44+180]
">
      <![CDATA[org.openqa.selenium.SessionNotCreatedException: session not created
from chrome not reachable
  (Session info: chrome=79.0.3945.88)
Build info: version: '3.141.59', revision: 'e82be7d358', time: '2018-11-14T08:25:53'
System info: host: 'IBM-TESTING01', ip: '169.254.52.243', os.name: 'Windows 10', os.arch: 'amd64', os.version: '10.0', java.version: '1.8.0_231'
Driver info: driver.version: ChromeDriver
remote stacktrace: Backtrace:
Ordinal0 [0x003EA113+1548563]
Ordinal0 [0x0036DDA1+1039777]
Ordinal0 [0x002EE32E+516910]
Ordinal0 [0x002E8012+491538]
Ordinal0 [0x002E86EB+493291]
Ordinal0 [0x002E9855+497749]
Ordinal0 [0x002E5885+481413]
Ordinal0 [0x002EF0D0+520400]
Ordinal0 [0x0029C030+180272]
Ordinal0 [0x0029B59D+177565]
Ordinal0 [0x002995FB+169467]
Ordinal0 [0x0028160A+71178]
Ordinal0 [0x00282690+75408]
Ordinal0 [0x00282629+75305]
Ordinal0 [0x003871B7+1143223]
GetHandleVerifier [0x00482B46+507814]
GetHandleVerifier [0x00482864+507076]
GetHandleVerifier [0x00489F47+537511]
GetHandleVerifier [0x00483402+510050]
Ordinal0 [0x0037F29C+1110684]
Ordinal0 [0x0038938B+1151883]
Ordinal0 [0x003894F3+1152243]
Ordinal0 [0x003883F5+1147893]
BaseThreadInitThunk [0x75A16359+25]
RtlGetAppContainerNamedObjectPath [0x77C37B74+228]
RtlGetAppContainerNamedObjectPath [0x77C37B44+180]

at org.openqa.selenium.remote.W3CHandshakeResponse.lambda$errorHandler$0(W3CHandshakeResponse.java:62)
at org.openqa.selenium.remote.HandshakeResponse.lambda$getResponseFunction$0(HandshakeResponse.java:30)
at org.openqa.selenium.remote.ProtocolHandshake.lambda$createSession$0(ProtocolHandshake.java:126)
at java.util.stream.ReferencePipeline$3$1.accept(Unknown Source)
at java.util.Spliterators$ArraySpliterator.tryAdvance(Unknown Source)
at java.util.stream.ReferencePipeline.forEachWithCancel(Unknown Source)
at java.util.stream.AbstractPipeline.copyIntoWithCancel(Unknown Source)
at java.util.stream.AbstractPipeline.copyInto(Unknown Source)
at java.util.stream.AbstractPipeline.wrapAndCopyInto(Unknown Source)
at java.util.stream.FindOps$FindOp.evaluateSequential(Unknown Source)
at java.util.stream.AbstractPipeline.evaluate(Unknown Source)
at java.util.stream.ReferencePipeline.findFirst(Unknown Source)
at org.openqa.selenium.remote.ProtocolHandshake.createSession(ProtocolHandshake.java:128)
at org.openqa.selenium.remote.ProtocolHandshake.createSession(ProtocolHandshake.java:74)
at org.openqa.selenium.remote.HttpCommandExecutor.execute(HttpCommandExecutor.java:136)
at org.openqa.selenium.remote.service.DriverCommandExecutor.execute(DriverCommandExecutor.java:83)
at org.openqa.selenium.remote.RemoteWebDriver.execute(RemoteWebDriver.java:552)
at org.openqa.selenium.remote.RemoteWebDriver.startSession(RemoteWebDriver.java:213)
at org.openqa.selenium.remote.RemoteWebDriver.<init>(RemoteWebDriver.java:131)
at org.openqa.selenium.chrome.ChromeDriver.<init>(ChromeDriver.java:181)
at org.openqa.selenium.chrome.ChromeDriver.<init>(ChromeDriver.java:168)
at org.openqa.selenium.chrome.ChromeDriver.<init>(ChromeDriver.java:123)
at parllelDemo.Parllel1.startapp1(Parllel1.java:29)
... Removed 29 stack frames]]>
    </failure>
  </testcase> <!-- startapp1 -->
</testsuite> <!-- Test -->
